<?xml version="1.0" encoding="UTF-8"?>
<!-- Generated by org.testng.reporters.JUnitReportReporter -->
<testsuite hostname="DESKTOP-VPOPJRD" failures="0" tests="2" name="FE_TCS.twoCities" time="21.599" errors="0" timestamp="2020-12-22T23:00:10 EET" skipped="0">
  <testcase classname="FE_TCS.twoCities" name="cairoCityWeather" time="11.203"/>
  <system-out/>
  <testcase classname="FE_TCS.twoCities" name="parisCityWeather" time="10.396"/>
  <system-out/>
</testsuite> <!-- FE_TCS.twoCities -->
